<?xml version="1.0" encoding="UTF-8"?>
<!-- Generated by org.testng.reporters.JUnitReportReporter -->
<testsuite hostname="LAPTOP-A095UNMG" failures="0" tests="1" name="sauceDemoTestRunner.TestPage" time="2.133" errors="0" timestamp="2024-02-01T20:25:06 IST" skipped="0">
  <testcase classname="sauceDemoTestRunner.TestPage" name="loginUser" time="2.133"/>
  <system-out/>
</testsuite> <!-- sauceDemoTestRunner.TestPage -->
